<<<<<<< HEAD
﻿  Messages.cpp
  CpuGame.cpp
d:\github\cool-hangman\hangman\cpugame.h(7): warning C4584: 'CpuGame': base-class 'IDrawable' is already a base-class of 'BaseGame'
  d:\github\cool-hangman\hangman\idrawable.h(3): note: see declaration of 'IDrawable'
  d:\github\cool-hangman\hangman\basegame.h(7): note: see declaration of 'BaseGame'
d:\github\cool-hangman\hangman\cpugame.cpp(198): warning C4267: 'argument': conversion from 'size_t' to 'int', possible loss of data
d:\github\cool-hangman\hangman\cpugame.cpp(208): warning C4267: 'initializing': conversion from 'size_t' to 'int', possible loss of data
d:\github\cool-hangman\hangman\cpugame.cpp(278): warning C4267: 'argument': conversion from 'size_t' to 'int', possible loss of data
  Generating Code...
  Skipping... (no relevant changes detected)
  GameLevel.h
  PlayerGame.cpp
  GameMenu.cpp
  Engine.cpp
  BaseGame.cpp
  Hangman.vcxproj -> D:\Github\Cool-Hangman\x64\Debug\Hangman.exe
=======
﻿  CpuGame.cpp
c:\users\maria\documents\github\cool-hangman\hangman\cpugame.h(7): warning C4584: 'CpuGame': base-class 'IDrawable' is already a base-class of 'BaseGame'
  c:\users\maria\documents\github\cool-hangman\hangman\idrawable.h(3): note: see declaration of 'IDrawable'
  c:\users\maria\documents\github\cool-hangman\hangman\basegame.h(7): note: see declaration of 'BaseGame'
c:\users\maria\documents\github\cool-hangman\hangman\cpugame.cpp(138): warning C4267: 'argument': conversion from 'size_t' to 'int', possible loss of data
c:\users\maria\documents\github\cool-hangman\hangman\cpugame.cpp(148): warning C4267: 'initializing': conversion from 'size_t' to 'int', possible loss of data
c:\users\maria\documents\github\cool-hangman\hangman\cpugame.cpp(218): warning C4267: 'argument': conversion from 'size_t' to 'int', possible loss of data
  Hangman.vcxproj -> C:\Users\Maria\Documents\GitHub\Cool-Hangman\x64\Debug\Hangman.exe
>>>>>>> 4f555eafa1938755297969c8d65d9cd5de183ede
